<?xml version="1.0" encoding="UTF-8" ?>
<testsuite tests="2" failures="0" name="com.dao.user.UserDAOTest" time="7.06" errors="1" skipped="0">
  <properties>
[...]
</properties>
  <testcase classname="com.dao.user.UserDAOTest" name="getUserByEmailTest" time="5.847">
    <error message="
### Error querying database.  Cause: org.apache.ibatis.reflection.ReflectionException: Could not set property &apos;id&apos; of &apos;class com.bean.user.UserPO&apos; with value &apos;1&apos; Cause: org.apache.ibatis.reflection.ReflectionException: There is no setter for property named &apos;id&apos; in &apos;class com.bean.user.UserPO&apos;
### The error may exist in file [F:\coffee\target\classes\com\dao\user\userDAO.xml]
### The error may involve defaultParameterMap
### The error occurred while setting parameters
### SQL: select * from act_id_user where email_= ?
### Cause: org.apache.ibatis.reflection.ReflectionException: Could not set property &apos;id&apos; of &apos;class com.bean.user.UserPO&apos; with value &apos;1&apos; Cause: org.apache.ibatis.reflection.ReflectionException: There is no setter for property named &apos;id&apos; in &apos;class com.bean.user.UserPO&apos;" type="org.apache.ibatis.exceptions.PersistenceException">org.apache.ibatis.exceptions.PersistenceException: 
### Error querying database.  Cause: org.apache.ibatis.reflection.ReflectionException: Could not set property &apos;id&apos; of &apos;class com.bean.user.UserPO&apos; with value &apos;1&apos; Cause: org.apache.ibatis.reflection.ReflectionException: There is no setter for property named &apos;id&apos; in &apos;class com.bean.user.UserPO&apos;
### The error may exist in file [F:\coffee\target\classes\com\dao\user\userDAO.xml]
### The error may involve defaultParameterMap
### The error occurred while setting parameters
### SQL: select * from act_id_user where email_= ?
### Cause: org.apache.ibatis.reflection.ReflectionException: Could not set property &apos;id&apos; of &apos;class com.bean.user.UserPO&apos; with value &apos;1&apos; Cause: org.apache.ibatis.reflection.ReflectionException: There is no setter for property named &apos;id&apos; in &apos;class com.bean.user.UserPO&apos;
	at org.apache.ibatis.exceptions.ExceptionFactory.wrapException(ExceptionFactory.java:26)
	at org.apache.ibatis.session.defaults.DefaultSqlSession.selectList(DefaultSqlSession.java:111)
	at org.apache.ibatis.session.defaults.DefaultSqlSession.selectList(DefaultSqlSession.java:102)
	at org.apache.ibatis.session.defaults.DefaultSqlSession.selectOne(DefaultSqlSession.java:66)
	at org.apache.ibatis.binding.MapperMethod.execute(MapperMethod.java:68)
	at org.apache.ibatis.binding.MapperProxy.invoke(MapperProxy.java:52)
	at com.sun.proxy.$Proxy11.getUserByEmail(Unknown Source)
	at com.dao.user.UserDAOTest.getUserByEmailTest(UserDAOTest.java:27)
	at sun.reflect.NativeMethodAccessorImpl.invoke0(Native Method)
	at sun.reflect.NativeMethodAccessorImpl.invoke(NativeMethodAccessorImpl.java:62)
	at sun.reflect.DelegatingMethodAccessorImpl.invoke(DelegatingMethodAccessorImpl.java:43)
	at java.lang.reflect.Method.invoke(Method.java:498)
	at org.junit.runners.model.FrameworkMethod$1.runReflectiveCall(FrameworkMethod.java:47)
	at org.junit.internal.runners.model.ReflectiveCallable.run(ReflectiveCallable.java:12)
	at org.junit.runners.model.FrameworkMethod.invokeExplosively(FrameworkMethod.java:44)
	at org.junit.internal.runners.statements.InvokeMethod.evaluate(InvokeMethod.java:17)
	at org.junit.internal.runners.statements.RunBefores.evaluate(RunBefores.java:26)
	at org.junit.runners.ParentRunner.runLeaf(ParentRunner.java:271)
	at org.junit.runners.BlockJUnit4ClassRunner.runChild(BlockJUnit4ClassRunner.java:70)
	at org.junit.runners.BlockJUnit4ClassRunner.runChild(BlockJUnit4ClassRunner.java:50)
	at org.junit.runners.ParentRunner$3.run(ParentRunner.java:238)
	at org.junit.runners.ParentRunner$1.schedule(ParentRunner.java:63)
	at org.junit.runners.ParentRunner.runChildren(ParentRunner.java:236)
	at org.junit.runners.ParentRunner.access$000(ParentRunner.java:53)
	at org.junit.runners.ParentRunner$2.evaluate(ParentRunner.java:229)
	at org.junit.runners.ParentRunner.run(ParentRunner.java:309)
	at org.apache.maven.surefire.junit4.JUnit4Provider.execute(JUnit4Provider.java:252)
	at org.apache.maven.surefire.junit4.JUnit4Provider.executeTestSet(JUnit4Provider.java:141)
	at org.apache.maven.surefire.junit4.JUnit4Provider.invoke(JUnit4Provider.java:112)
	at sun.reflect.NativeMethodAccessorImpl.invoke0(Native Method)
	at sun.reflect.NativeMethodAccessorImpl.invoke(NativeMethodAccessorImpl.java:62)
	at sun.reflect.DelegatingMethodAccessorImpl.invoke(DelegatingMethodAccessorImpl.java:43)
	at java.lang.reflect.Method.invoke(Method.java:498)
	at org.apache.maven.surefire.util.ReflectionUtils.invokeMethodWithArray(ReflectionUtils.java:189)
	at org.apache.maven.surefire.booter.ProviderFactory$ProviderProxy.invoke(ProviderFactory.java:165)
	at org.apache.maven.surefire.booter.ProviderFactory.invokeProvider(ProviderFactory.java:85)
	at org.apache.maven.surefire.booter.ForkedBooter.runSuitesInProcess(ForkedBooter.java:115)
	at org.apache.maven.surefire.booter.ForkedBooter.main(ForkedBooter.java:75)
Caused by: org.apache.ibatis.reflection.ReflectionException: Could not set property &apos;id&apos; of &apos;class com.bean.user.UserPO&apos; with value &apos;1&apos; Cause: org.apache.ibatis.reflection.ReflectionException: There is no setter for property named &apos;id&apos; in &apos;class com.bean.user.UserPO&apos;
	at org.apache.ibatis.reflection.wrapper.BeanWrapper.setBeanProperty(BeanWrapper.java:175)
	at org.apache.ibatis.reflection.wrapper.BeanWrapper.set(BeanWrapper.java:57)
	at org.apache.ibatis.reflection.MetaObject.setValue(MetaObject.java:133)
	at org.apache.ibatis.executor.resultset.DefaultResultSetHandler.applyPropertyMappings(DefaultResultSetHandler.java:368)
	at org.apache.ibatis.executor.resultset.DefaultResultSetHandler.getRowValue(DefaultResultSetHandler.java:338)
	at org.apache.ibatis.executor.resultset.DefaultResultSetHandler.handleRowValuesForSimpleResultMap(DefaultResultSetHandler.java:291)
	at org.apache.ibatis.executor.resultset.DefaultResultSetHandler.handleRowValues(DefaultResultSetHandler.java:266)
	at org.apache.ibatis.executor.resultset.DefaultResultSetHandler.handleResultSet(DefaultResultSetHandler.java:236)
	at org.apache.ibatis.executor.resultset.DefaultResultSetHandler.handleResultSets(DefaultResultSetHandler.java:150)
	at org.apache.ibatis.executor.statement.PreparedStatementHandler.query(PreparedStatementHandler.java:60)
	at org.apache.ibatis.executor.statement.RoutingStatementHandler.query(RoutingStatementHandler.java:73)
	at org.apache.ibatis.executor.SimpleExecutor.doQuery(SimpleExecutor.java:60)
	at org.apache.ibatis.executor.BaseExecutor.queryFromDatabase(BaseExecutor.java:267)
	at org.apache.ibatis.executor.BaseExecutor.query(BaseExecutor.java:137)
	at org.apache.ibatis.executor.CachingExecutor.query(CachingExecutor.java:96)
	at org.apache.ibatis.executor.CachingExecutor.query(CachingExecutor.java:77)
	at org.apache.ibatis.session.defaults.DefaultSqlSession.selectList(DefaultSqlSession.java:108)
	... 36 more
Caused by: org.apache.ibatis.reflection.ReflectionException: There is no setter for property named &apos;id&apos; in &apos;class com.bean.user.UserPO&apos;
	at org.apache.ibatis.reflection.Reflector.getSetInvoker(Reflector.java:372)
	at org.apache.ibatis.reflection.MetaClass.getSetInvoker(MetaClass.java:174)
	at org.apache.ibatis.reflection.wrapper.BeanWrapper.setBeanProperty(BeanWrapper.java:167)
	... 52 more
</error>
    <system-out>[INFO ][2017/08/26 12:47:2217 ][org.springframework.context.support.AbstractApplicationContext.prepareRefresh(AbstractApplicationContext.java:510)]
Refreshing org.springframework.context.support.ClassPathXmlApplicationContext@6b143ee9: startup date [Sat Aug 26 12:47:22 CST 2017]; root of context hierarchy
 [INFO ][2017/08/26 12:47:22183][org.springframework.beans.factory.xml.XmlBeanDefinitionReader.loadBeanDefinitions(XmlBeanDefinitionReader.java:317)]
Loading XML bean definitions from class path resource [applicationContext.xml]
 [INFO ][2017/08/26 12:47:22437][org.springframework.beans.factory.xml.XmlBeanDefinitionReader.loadBeanDefinitions(XmlBeanDefinitionReader.java:317)]
Loading XML bean definitions from class path resource [applicationContext-action.xml]
 [INFO ][2017/08/26 12:47:22530][org.springframework.beans.factory.xml.XmlBeanDefinitionReader.loadBeanDefinitions(XmlBeanDefinitionReader.java:317)]
Loading XML bean definitions from class path resource [applicationContext-service.xml]
 [INFO ][2017/08/26 12:47:22602][org.springframework.beans.factory.xml.XmlBeanDefinitionReader.loadBeanDefinitions(XmlBeanDefinitionReader.java:317)]
Loading XML bean definitions from class path resource [applicationContext-schedule.xml]
 [INFO ][2017/08/26 12:47:22661][org.springframework.beans.factory.xml.XmlBeanDefinitionReader.loadBeanDefinitions(XmlBeanDefinitionReader.java:317)]
Loading XML bean definitions from class path resource [applicationContext-activiti.xml]
 [INFO ][2017/08/26 12:47:22732][org.springframework.beans.factory.xml.XmlBeanDefinitionReader.loadBeanDefinitions(XmlBeanDefinitionReader.java:317)]
Loading XML bean definitions from class path resource [applicationContext-orm.xml]
 [INFO ][2017/08/26 12:47:22855][org.springframework.beans.factory.xml.XmlBeanDefinitionReader.loadBeanDefinitions(XmlBeanDefinitionReader.java:317)]
Loading XML bean definitions from class path resource [applicationContext-authentication.xml]
 [INFO ][2017/08/26 12:47:22998][org.springframework.security.core.SpringSecurityCoreVersion.performVersionChecks(SpringSecurityCoreVersion.java:75)]
You are running with Spring Security Core 4.2.3.RELEASE
 [WARN ][2017/08/26 12:47:2321 ][org.springframework.security.core.SpringSecurityCoreVersion.performVersionChecks(SpringSecurityCoreVersion.java:78)]
**** You are advised to use Spring 4.3.9.RELEASE or later with this version. You are running: 4.3.6.RELEASE
 [INFO ][2017/08/26 12:47:2325 ][org.springframework.security.config.SecurityNamespaceHandler.&lt;init&gt;(SecurityNamespaceHandler.java:78)]
Spring Security &apos;config&apos; module version is 4.2.3.RELEASE
 [INFO ][2017/08/26 12:47:23706][org.springframework.security.config.http.HttpSecurityBeanDefinitionParser.checkFilterChainOrder(HttpSecurityBeanDefinitionParser.java:306)]
Checking sorted filter chain: [Root bean: class [org.springframework.security.web.context.SecurityContextPersistenceFilter]; scope=; abstract=false; lazyInit=false; autowireMode=0; dependencyCheck=0; autowireCandidate=true; primary=false; factoryBeanName=null; factoryMethodName=null; initMethodName=null; destroyMethodName=null, order = 200, Root bean: class [org.springframework.security.web.context.request.async.WebAsyncManagerIntegrationFilter]; scope=; abstract=false; lazyInit=false; autowireMode=0; dependencyCheck=0; autowireCandidate=true; primary=false; factoryBeanName=null; factoryMethodName=null; initMethodName=null; destroyMethodName=null, order = 400, Root bean: class [org.springframework.security.web.header.HeaderWriterFilter]; scope=; abstract=false; lazyInit=false; autowireMode=0; dependencyCheck=0; autowireCandidate=true; primary=false; factoryBeanName=null; factoryMethodName=null; initMethodName=null; destroyMethodName=null, order = 500, Root bean: class [org.springframework.security.web.csrf.CsrfFilter]; scope=; abstract=false; lazyInit=false; autowireMode=0; dependencyCheck=0; autowireCandidate=true; primary=false; factoryBeanName=null; factoryMethodName=null; initMethodName=null; destroyMethodName=null, order = 700, &lt;org.springframework.security.web.authentication.UsernamePasswordAuthenticationFilter#0&gt;, order = 1200, Root bean: class [org.springframework.security.web.savedrequest.RequestCacheAwareFilter]; scope=; abstract=false; lazyInit=false; autowireMode=0; dependencyCheck=0; autowireCandidate=true; primary=false; factoryBeanName=null; factoryMethodName=null; initMethodName=null; destroyMethodName=null, order = 1700, Root bean: class [null]; scope=; abstract=false; lazyInit=false; autowireMode=0; dependencyCheck=0; autowireCandidate=true; primary=false; factoryBeanName=org.springframework.security.config.http.HttpConfigurationBuilder$SecurityContextHolderAwareRequestFilterBeanFactory#0; factoryMethodName=getBean; initMethodName=null; destroyMethodName=null, order = 1800, Root bean: class [org.springframework.security.web.authentication.AnonymousAuthenticationFilter]; scope=; abstract=false; lazyInit=false; autowireMode=0; dependencyCheck=0; autowireCandidate=true; primary=false; factoryBeanName=null; factoryMethodName=null; initMethodName=null; destroyMethodName=null, order = 2100, Root bean: class [org.springframework.security.web.session.SessionManagementFilter]; scope=; abstract=false; lazyInit=false; autowireMode=0; dependencyCheck=0; autowireCandidate=true; primary=false; factoryBeanName=null; factoryMethodName=null; initMethodName=null; destroyMethodName=null, order = 2200, Root bean: class [org.springframework.security.web.access.ExceptionTranslationFilter]; scope=; abstract=false; lazyInit=false; autowireMode=0; dependencyCheck=0; autowireCandidate=true; primary=false; factoryBeanName=null; factoryMethodName=null; initMethodName=null; destroyMethodName=null, order = 2300, &lt;org.springframework.security.web.access.intercept.FilterSecurityInterceptor#0&gt;, order = 2400]
 [INFO ][2017/08/26 12:47:24333][org.springframework.core.io.support.PropertiesLoaderSupport.loadProperties(PropertiesLoaderSupport.java:172)]
Loading properties file from class path resource [jdbc.properties]
 [INFO ][2017/08/26 12:47:25962][org.springframework.security.web.DefaultSecurityFilterChain.&lt;init&gt;(DefaultSecurityFilterChain.java:43)]
Creating filter chain: org.springframework.security.web.util.matcher.AnyRequestMatcher@1, [org.springframework.security.web.context.SecurityContextPersistenceFilter@2796aeae, org.springframework.security.web.context.request.async.WebAsyncManagerIntegrationFilter@b4711e2, org.springframework.security.web.header.HeaderWriterFilter@1fa1cab1, org.springframework.security.web.csrf.CsrfFilter@70f02c32, org.springframework.security.web.authentication.UsernamePasswordAuthenticationFilter@62010f5c, org.springframework.security.web.savedrequest.RequestCacheAwareFilter@51fadaff, org.springframework.security.web.servletapi.SecurityContextHolderAwareRequestFilter@401f7633, org.springframework.security.web.authentication.AnonymousAuthenticationFilter@31ff43be, org.springframework.security.web.session.SessionManagementFilter@5b6ec132, org.springframework.security.web.access.ExceptionTranslationFilter@5c44c582, org.springframework.security.web.access.intercept.FilterSecurityInterceptor@67d18ed7]
 [INFO ][2017/08/26 12:47:267  ][org.springframework.security.config.http.DefaultFilterChainValidator.checkLoginPageIsntProtected(DefaultFilterChainValidator.java:154)]
Checking whether login URL &apos;/login.html&apos; is accessible with your configuration
 </system-out>
    <system-err>log4j:ERROR Unexpected char [ ] at position 3 in conversion patterrn.
log4j:WARN Error initializing output writer.
log4j:WARN Unsupported encoding?
</system-err>
  </testcase>
  <testcase classname="com.dao.user.UserDAOTest" name="getUUIDValues" time="1.213"/>
</testsuite>